ls: cannot access 'blata': No such file or directory
2
minishell: 0: command not found
minishell: cd: too many arguments
1
minishell: cd: blata: No such file or directory
1
ls: cannot access 'blata': No such file or directory
2
pwd: error retrieving current directory: getcwd: cannot access parent directories: No such file or directory
1
chdir: error retrieving current directory: getcwd: cannot access parent directories: No such file or directory
minishell: bonjour: command not found
127
minishell: ./noperm: Permission denied
126
ls: cannot access 'pouet': No such file or directory
2
axel
includes
libft
Makefile
minishell
objs
README.md
srcs
test
tests
minishell: exit: too many arguments
1
minishell: exit: bonjour: numeric argument required
2
0
42
minishell: exit: too many arguments
1
255
minishell: exit: 234782384908273480723847238047283074: numeric argument required
2
minishell: exit: abc: numeric argument required
2
minishell: exit: abc: numeric argument required
2
0
minishell: exit: too many arguments
1
minishell: exit: too many arguments
1
255
minishell: exit: 9223372036854775808: numeric argument required
2
0
minishell: exit: -9223372036854775809: numeric argument required
2
axel
includes
libft
Makefile
minishell
objs
README.md
srcs
test
tests
axel
includes
libft
Makefile
minishell
objs
README.md
srcs
test
tests
minishell: pouet: command not found
127 127
/mnt/nfs/homes/rbroque/.local/bin:/mnt/nfs/homes/rbroque/bin:/mnt/nfs/homes/rbroque/.local/bin:/mnt/nfs/homes/rbroque/bin:/usr/local/sbin:/usr/local/bin:/usr/sbin:/usr/bin:/sbin:/bin:/usr/games:/usr/local/games:/snap/bin:/mnt/nfs/homes/rbroque/Code/STUD/Projects/Minishell
